
> pizza-diet-website@1.0.0 start
> react-scripts start

(node:17041) [DEP_WEBPACK_DEV_SERVER_ON_AFTER_SETUP_MIDDLEWARE] DeprecationWarning: 'onAfterSetupMiddleware' option is deprecated. Please use the 'setupMiddlewares' option.
(Use `node-22 --trace-deprecation ...` to show where the warning was created)
(node:17041) [DEP_WEBPACK_DEV_SERVER_ON_BEFORE_SETUP_MIDDLEWARE] DeprecationWarning: 'onBeforeSetupMiddleware' option is deprecated. Please use the 'setupMiddlewares' option.
Starting the development server...

Compiled with warnings.

[eslint] 
src/components/Menu/MenuSection.js
  Line 21:9:  'menuItems' is assigned a value but never used                                                                    no-unused-vars
  Line 59:6:  React Hook useEffect has a missing dependency: 'fetchMenuData'. Either include it or remove the dependency array  react-hooks/exhaustive-deps

Search for the keywords to learn more about each warning.
To ignore, add // eslint-disable-next-line to the line before.

WARNING in [eslint] 
src/components/Menu/MenuSection.js
  Line 21:9:  'menuItems' is assigned a value but never used                                                                    no-unused-vars
  Line 59:6:  React Hook useEffect has a missing dependency: 'fetchMenuData'. Either include it or remove the dependency array  react-hooks/exhaustive-deps

webpack compiled with 1 warning
Compiling...
Compiled with warnings.

[eslint] 
src/components/Menu/MenuSection.js
  Line 21:9:  'menuItems' is assigned a value but never used                                                                    no-unused-vars
  Line 59:6:  React Hook useEffect has a missing dependency: 'fetchMenuData'. Either include it or remove the dependency array  react-hooks/exhaustive-deps

Search for the keywords to learn more about each warning.
To ignore, add // eslint-disable-next-line to the line before.

WARNING in [eslint] 
src/components/Menu/MenuSection.js
  Line 21:9:  'menuItems' is assigned a value but never used                                                                    no-unused-vars
  Line 59:6:  React Hook useEffect has a missing dependency: 'fetchMenuData'. Either include it or remove the dependency array  react-hooks/exhaustive-deps

webpack compiled with 1 warning
Compiling...
Compiled with warnings.

[eslint] 
src/components/Menu/MenuSection.js
  Line 21:9:  'menuItems' is assigned a value but never used                                                                    no-unused-vars
  Line 59:6:  React Hook useEffect has a missing dependency: 'fetchMenuData'. Either include it or remove the dependency array  react-hooks/exhaustive-deps

Search for the keywords to learn more about each warning.
To ignore, add // eslint-disable-next-line to the line before.

WARNING in [eslint] 
src/components/Menu/MenuSection.js
  Line 21:9:  'menuItems' is assigned a value but never used                                                                    no-unused-vars
  Line 59:6:  React Hook useEffect has a missing dependency: 'fetchMenuData'. Either include it or remove the dependency array  react-hooks/exhaustive-deps

webpack compiled with 1 warning
Compiling...
Compiled with warnings.

[eslint] 
src/components/Menu/MenuSection.js
  Line 21:9:  'menuItems' is assigned a value but never used                                                                    no-unused-vars
  Line 59:6:  React Hook useEffect has a missing dependency: 'fetchMenuData'. Either include it or remove the dependency array  react-hooks/exhaustive-deps

Search for the keywords to learn more about each warning.
To ignore, add // eslint-disable-next-line to the line before.

WARNING in [eslint] 
src/components/Menu/MenuSection.js
  Line 21:9:  'menuItems' is assigned a value but never used                                                                    no-unused-vars
  Line 59:6:  React Hook useEffect has a missing dependency: 'fetchMenuData'. Either include it or remove the dependency array  react-hooks/exhaustive-deps

webpack compiled with 1 warning
Compiling...
Compiled with warnings.

[eslint] 
src/components/Menu/MenuSection.js
  Line 21:9:  'menuItems' is assigned a value but never used                                                                    no-unused-vars
  Line 59:6:  React Hook useEffect has a missing dependency: 'fetchMenuData'. Either include it or remove the dependency array  react-hooks/exhaustive-deps

Search for the keywords to learn more about each warning.
To ignore, add // eslint-disable-next-line to the line before.

WARNING in [eslint] 
src/components/Menu/MenuSection.js
  Line 21:9:  'menuItems' is assigned a value but never used                                                                    no-unused-vars
  Line 59:6:  React Hook useEffect has a missing dependency: 'fetchMenuData'. Either include it or remove the dependency array  react-hooks/exhaustive-deps

webpack compiled with 1 warning
Compiling...
Compiled with warnings.

[eslint] 
src/App.js
  Line 18:8:  'AdminPage' is defined but never used  no-unused-vars

src/components/Menu/MenuSection.js
  Line 21:9:  'menuItems' is assigned a value but never used                                                                    no-unused-vars
  Line 59:6:  React Hook useEffect has a missing dependency: 'fetchMenuData'. Either include it or remove the dependency array  react-hooks/exhaustive-deps

src/pages/AdminPage.js
  Line 2:110:  'Download' is defined but never used                                                                             no-unused-vars
  Line 180:6:  React Hook useEffect has a missing dependency: 'fetchAllData'. Either include it or remove the dependency array  react-hooks/exhaustive-deps

Search for the keywords to learn more about each warning.
To ignore, add // eslint-disable-next-line to the line before.

WARNING in [eslint] 
src/App.js
  Line 18:8:  'AdminPage' is defined but never used  no-unused-vars

src/components/Menu/MenuSection.js
  Line 21:9:  'menuItems' is assigned a value but never used                                                                    no-unused-vars
  Line 59:6:  React Hook useEffect has a missing dependency: 'fetchMenuData'. Either include it or remove the dependency array  react-hooks/exhaustive-deps

src/pages/AdminPage.js
  Line 2:110:  'Download' is defined but never used                                                                             no-unused-vars
  Line 180:6:  React Hook useEffect has a missing dependency: 'fetchAllData'. Either include it or remove the dependency array  react-hooks/exhaustive-deps

webpack compiled with 1 warning
Compiling...
Compiled with warnings.

[eslint] 
src/components/Menu/MenuSection.js
  Line 21:9:  'menuItems' is assigned a value but never used                                                                    no-unused-vars
  Line 59:6:  React Hook useEffect has a missing dependency: 'fetchMenuData'. Either include it or remove the dependency array  react-hooks/exhaustive-deps

src/pages/AdminPage.js
  Line 2:110:  'Download' is defined but never used                                                                             no-unused-vars
  Line 180:6:  React Hook useEffect has a missing dependency: 'fetchAllData'. Either include it or remove the dependency array  react-hooks/exhaustive-deps

Search for the keywords to learn more about each warning.
To ignore, add // eslint-disable-next-line to the line before.

WARNING in [eslint] 
src/components/Menu/MenuSection.js
  Line 21:9:  'menuItems' is assigned a value but never used                                                                    no-unused-vars
  Line 59:6:  React Hook useEffect has a missing dependency: 'fetchMenuData'. Either include it or remove the dependency array  react-hooks/exhaustive-deps

src/pages/AdminPage.js
  Line 2:110:  'Download' is defined but never used                                                                             no-unused-vars
  Line 180:6:  React Hook useEffect has a missing dependency: 'fetchAllData'. Either include it or remove the dependency array  react-hooks/exhaustive-deps

webpack compiled with 1 warning
Compiling...
Compiled with warnings.

[eslint] 
src/components/Menu/MenuSection.js
  Line 21:9:  'menuItems' is assigned a value but never used                                                                    no-unused-vars
  Line 59:6:  React Hook useEffect has a missing dependency: 'fetchMenuData'. Either include it or remove the dependency array  react-hooks/exhaustive-deps

src/pages/AdminPage.js
  Line 2:110:  'Download' is defined but never used                                                                             no-unused-vars
  Line 180:6:  React Hook useEffect has a missing dependency: 'fetchAllData'. Either include it or remove the dependency array  react-hooks/exhaustive-deps

Search for the keywords to learn more about each warning.
To ignore, add // eslint-disable-next-line to the line before.

WARNING in [eslint] 
src/components/Menu/MenuSection.js
  Line 21:9:  'menuItems' is assigned a value but never used                                                                    no-unused-vars
  Line 59:6:  React Hook useEffect has a missing dependency: 'fetchMenuData'. Either include it or remove the dependency array  react-hooks/exhaustive-deps

src/pages/AdminPage.js
  Line 2:110:  'Download' is defined but never used                                                                             no-unused-vars
  Line 180:6:  React Hook useEffect has a missing dependency: 'fetchAllData'. Either include it or remove the dependency array  react-hooks/exhaustive-deps

webpack compiled with 1 warning
Compiling...
Compiled with warnings.

[eslint] 
src/components/Menu/MenuSection.js
  Line 21:9:  'menuItems' is assigned a value but never used                                                                    no-unused-vars
  Line 59:6:  React Hook useEffect has a missing dependency: 'fetchMenuData'. Either include it or remove the dependency array  react-hooks/exhaustive-deps

src/pages/AdminPage.js
  Line 2:110:  'Download' is defined but never used                                                                             no-unused-vars
  Line 133:9:  'clearAndSeedDatabase' is assigned a value but never used                                                        no-unused-vars
  Line 202:6:  React Hook useEffect has a missing dependency: 'fetchAllData'. Either include it or remove the dependency array  react-hooks/exhaustive-deps

Search for the keywords to learn more about each warning.
To ignore, add // eslint-disable-next-line to the line before.

WARNING in [eslint] 
src/components/Menu/MenuSection.js
  Line 21:9:  'menuItems' is assigned a value but never used                                                                    no-unused-vars
  Line 59:6:  React Hook useEffect has a missing dependency: 'fetchMenuData'. Either include it or remove the dependency array  react-hooks/exhaustive-deps

src/pages/AdminPage.js
  Line 2:110:  'Download' is defined but never used                                                                             no-unused-vars
  Line 133:9:  'clearAndSeedDatabase' is assigned a value but never used                                                        no-unused-vars
  Line 202:6:  React Hook useEffect has a missing dependency: 'fetchAllData'. Either include it or remove the dependency array  react-hooks/exhaustive-deps

webpack compiled with 1 warning
Compiling...
Compiled with warnings.

[eslint] 
src/components/Menu/MenuSection.js
  Line 21:9:  'menuItems' is assigned a value but never used                                                                    no-unused-vars
  Line 59:6:  React Hook useEffect has a missing dependency: 'fetchMenuData'. Either include it or remove the dependency array  react-hooks/exhaustive-deps

src/pages/AdminPage.js
  Line 2:110:  'Download' is defined but never used                                                                             no-unused-vars
  Line 202:6:  React Hook useEffect has a missing dependency: 'fetchAllData'. Either include it or remove the dependency array  react-hooks/exhaustive-deps

Search for the keywords to learn more about each warning.
To ignore, add // eslint-disable-next-line to the line before.

WARNING in [eslint] 
src/components/Menu/MenuSection.js
  Line 21:9:  'menuItems' is assigned a value but never used                                                                    no-unused-vars
  Line 59:6:  React Hook useEffect has a missing dependency: 'fetchMenuData'. Either include it or remove the dependency array  react-hooks/exhaustive-deps

src/pages/AdminPage.js
  Line 2:110:  'Download' is defined but never used                                                                             no-unused-vars
  Line 202:6:  React Hook useEffect has a missing dependency: 'fetchAllData'. Either include it or remove the dependency array  react-hooks/exhaustive-deps

webpack compiled with 1 warning
Compiling...
Compiled with warnings.

[eslint] 
src/components/Menu/MenuSection.js
  Line 21:9:  'menuItems' is assigned a value but never used                                                                    no-unused-vars
  Line 59:6:  React Hook useEffect has a missing dependency: 'fetchMenuData'. Either include it or remove the dependency array  react-hooks/exhaustive-deps

src/pages/AdminPage.js
  Line 2:110:  'Download' is defined but never used                                                                             no-unused-vars
  Line 202:6:  React Hook useEffect has a missing dependency: 'fetchAllData'. Either include it or remove the dependency array  react-hooks/exhaustive-deps

Search for the keywords to learn more about each warning.
To ignore, add // eslint-disable-next-line to the line before.

WARNING in [eslint] 
src/components/Menu/MenuSection.js
  Line 21:9:  'menuItems' is assigned a value but never used                                                                    no-unused-vars
  Line 59:6:  React Hook useEffect has a missing dependency: 'fetchMenuData'. Either include it or remove the dependency array  react-hooks/exhaustive-deps

src/pages/AdminPage.js
  Line 2:110:  'Download' is defined but never used                                                                             no-unused-vars
  Line 202:6:  React Hook useEffect has a missing dependency: 'fetchAllData'. Either include it or remove the dependency array  react-hooks/exhaustive-deps

webpack compiled with 1 warning
Compiling...
Compiled with warnings.

[eslint] 
src/components/Menu/MenuSection.js
  Line 21:9:  'menuItems' is assigned a value but never used                                                                    no-unused-vars
  Line 59:6:  React Hook useEffect has a missing dependency: 'fetchMenuData'. Either include it or remove the dependency array  react-hooks/exhaustive-deps

src/pages/AdminPage.js
  Line 2:110:  'Download' is defined but never used                                                                             no-unused-vars
  Line 202:6:  React Hook useEffect has a missing dependency: 'fetchAllData'. Either include it or remove the dependency array  react-hooks/exhaustive-deps

Search for the keywords to learn more about each warning.
To ignore, add // eslint-disable-next-line to the line before.

WARNING in [eslint] 
src/components/Menu/MenuSection.js
  Line 21:9:  'menuItems' is assigned a value but never used                                                                    no-unused-vars
  Line 59:6:  React Hook useEffect has a missing dependency: 'fetchMenuData'. Either include it or remove the dependency array  react-hooks/exhaustive-deps

src/pages/AdminPage.js
  Line 2:110:  'Download' is defined but never used                                                                             no-unused-vars
  Line 202:6:  React Hook useEffect has a missing dependency: 'fetchAllData'. Either include it or remove the dependency array  react-hooks/exhaustive-deps

webpack compiled with 1 warning
Compiling...
Compiled with warnings.

[eslint] 
src/components/Menu/MenuSection.js
  Line 21:9:  'menuItems' is assigned a value but never used                                                                    no-unused-vars
  Line 59:6:  React Hook useEffect has a missing dependency: 'fetchMenuData'. Either include it or remove the dependency array  react-hooks/exhaustive-deps

src/pages/AdminPage.js
  Line 2:110:  'Download' is defined but never used                                                                             no-unused-vars
  Line 202:6:  React Hook useEffect has a missing dependency: 'fetchAllData'. Either include it or remove the dependency array  react-hooks/exhaustive-deps

Search for the keywords to learn more about each warning.
To ignore, add // eslint-disable-next-line to the line before.

WARNING in [eslint] 
src/components/Menu/MenuSection.js
  Line 21:9:  'menuItems' is assigned a value but never used                                                                    no-unused-vars
  Line 59:6:  React Hook useEffect has a missing dependency: 'fetchMenuData'. Either include it or remove the dependency array  react-hooks/exhaustive-deps

src/pages/AdminPage.js
  Line 2:110:  'Download' is defined but never used                                                                             no-unused-vars
  Line 202:6:  React Hook useEffect has a missing dependency: 'fetchAllData'. Either include it or remove the dependency array  react-hooks/exhaustive-deps

webpack compiled with 1 warning
Compiling...
Compiled with warnings.

[eslint] 
src/components/Menu/MenuSection.js
  Line 21:9:  'menuItems' is assigned a value but never used                                                                    no-unused-vars
  Line 59:6:  React Hook useEffect has a missing dependency: 'fetchMenuData'. Either include it or remove the dependency array  react-hooks/exhaustive-deps

src/pages/AdminPage.js
  Line 2:118:  'Edit' is defined but never used                                                                                 no-unused-vars
  Line 2:124:  'Tag' is defined but never used                                                                                  no-unused-vars
  Line 2:129:  'Gift' is defined but never used                                                                                 no-unused-vars
  Line 4:8:    'EditCategoryForm' is defined but never used                                                                     no-unused-vars
  Line 5:8:    'EditOfferForm' is defined but never used                                                                        no-unused-vars
  Line 204:6:  React Hook useEffect has a missing dependency: 'fetchAllData'. Either include it or remove the dependency array  react-hooks/exhaustive-deps

Search for the keywords to learn more about each warning.
To ignore, add // eslint-disable-next-line to the line before.

WARNING in [eslint] 
src/components/Menu/MenuSection.js
  Line 21:9:  'menuItems' is assigned a value but never used                                                                    no-unused-vars
  Line 59:6:  React Hook useEffect has a missing dependency: 'fetchMenuData'. Either include it or remove the dependency array  react-hooks/exhaustive-deps

src/pages/AdminPage.js
  Line 2:118:  'Edit' is defined but never used                                                                                 no-unused-vars
  Line 2:124:  'Tag' is defined but never used                                                                                  no-unused-vars
  Line 2:129:  'Gift' is defined but never used                                                                                 no-unused-vars
  Line 4:8:    'EditCategoryForm' is defined but never used                                                                     no-unused-vars
  Line 5:8:    'EditOfferForm' is defined but never used                                                                        no-unused-vars
  Line 204:6:  React Hook useEffect has a missing dependency: 'fetchAllData'. Either include it or remove the dependency array  react-hooks/exhaustive-deps

webpack compiled with 1 warning
Compiling...
Compiled with warnings.

[eslint] 
src/components/Menu/MenuSection.js
  Line 21:9:  'menuItems' is assigned a value but never used                                                                    no-unused-vars
  Line 59:6:  React Hook useEffect has a missing dependency: 'fetchMenuData'. Either include it or remove the dependency array  react-hooks/exhaustive-deps

src/pages/AdminPage.js
  Line 2:118:  'Edit' is defined but never used                                                                                 no-unused-vars
  Line 2:124:  'Tag' is defined but never used                                                                                  no-unused-vars
  Line 2:129:  'Gift' is defined but never used                                                                                 no-unused-vars
  Line 4:8:    'EditCategoryForm' is defined but never used                                                                     no-unused-vars
  Line 5:8:    'EditOfferForm' is defined but never used                                                                        no-unused-vars
  Line 12:10:  'offers' is assigned a value but never used                                                                      no-unused-vars
  Line 12:18:  'setOffers' is assigned a value but never used                                                                   no-unused-vars
  Line 17:10:  'showCategoryForm' is assigned a value but never used                                                            no-unused-vars
  Line 17:28:  'setShowCategoryForm' is assigned a value but never used                                                         no-unused-vars
  Line 18:10:  'showOfferForm' is assigned a value but never used                                                               no-unused-vars
  Line 18:25:  'setShowOfferForm' is assigned a value but never used                                                            no-unused-vars
  Line 19:10:  'editingCategory' is assigned a value but never used                                                             no-unused-vars
  Line 19:27:  'setEditingCategory' is assigned a value but never used                                                          no-unused-vars
  Line 20:10:  'editingOffer' is assigned a value but never used                                                                no-unused-vars
  Line 20:24:  'setEditingOffer' is assigned a value but never used                                                             no-unused-vars
  Line 211:6:  React Hook useEffect has a missing dependency: 'fetchAllData'. Either include it or remove the dependency array  react-hooks/exhaustive-deps

Search for the keywords to learn more about each warning.
To ignore, add // eslint-disable-next-line to the line before.

WARNING in [eslint] 
src/components/Menu/MenuSection.js
  Line 21:9:  'menuItems' is assigned a value but never used                                                                    no-unused-vars
  Line 59:6:  React Hook useEffect has a missing dependency: 'fetchMenuData'. Either include it or remove the dependency array  react-hooks/exhaustive-deps

src/pages/AdminPage.js
  Line 2:118:  'Edit' is defined but never used                                                                                 no-unused-vars
  Line 2:124:  'Tag' is defined but never used                                                                                  no-unused-vars
  Line 2:129:  'Gift' is defined but never used                                                                                 no-unused-vars
  Line 4:8:    'EditCategoryForm' is defined but never used                                                                     no-unused-vars
  Line 5:8:    'EditOfferForm' is defined but never used                                                                        no-unused-vars
  Line 12:10:  'offers' is assigned a value but never used                                                                      no-unused-vars
  Line 12:18:  'setOffers' is assigned a value but never used                                                                   no-unused-vars
  Line 17:10:  'showCategoryForm' is assigned a value but never used                                                            no-unused-vars
  Line 17:28:  'setShowCategoryForm' is assigned a value but never used                                                         no-unused-vars
  Line 18:10:  'showOfferForm' is assigned a value but never used                                                               no-unused-vars
  Line 18:25:  'setShowOfferForm' is assigned a value but never used                                                            no-unused-vars
  Line 19:10:  'editingCategory' is assigned a value but never used                                                             no-unused-vars
  Line 19:27:  'setEditingCategory' is assigned a value but never used                                                          no-unused-vars
  Line 20:10:  'editingOffer' is assigned a value but never used                                                                no-unused-vars
  Line 20:24:  'setEditingOffer' is assigned a value but never used                                                             no-unused-vars
  Line 211:6:  React Hook useEffect has a missing dependency: 'fetchAllData'. Either include it or remove the dependency array  react-hooks/exhaustive-deps

webpack compiled with 1 warning
Compiling...
Failed to compile.

[eslint] 
src/pages/AdminPage.js
  Line 37:9:  'fetchOffers' is not defined  no-undef

Search for the keywords to learn more about each error.
WARNING in [eslint] 
src/components/Menu/MenuSection.js
  Line 21:9:  'menuItems' is assigned a value but never used                                                                    no-unused-vars
  Line 59:6:  React Hook useEffect has a missing dependency: 'fetchMenuData'. Either include it or remove the dependency array  react-hooks/exhaustive-deps

src/pages/AdminPage.js
  Line 2:118:  'Edit' is defined but never used                                                                                 no-unused-vars
  Line 2:124:  'Tag' is defined but never used                                                                                  no-unused-vars
  Line 2:129:  'Gift' is defined but never used                                                                                 no-unused-vars
  Line 4:8:    'EditCategoryForm' is defined but never used                                                                     no-unused-vars
  Line 5:8:    'EditOfferForm' is defined but never used                                                                        no-unused-vars
  Line 12:10:  'offers' is assigned a value but never used                                                                      no-unused-vars
  Line 12:18:  'setOffers' is assigned a value but never used                                                                   no-unused-vars
  Line 17:10:  'showCategoryForm' is assigned a value but never used                                                            no-unused-vars
  Line 17:28:  'setShowCategoryForm' is assigned a value but never used                                                         no-unused-vars
  Line 18:10:  'showOfferForm' is assigned a value but never used                                                               no-unused-vars
  Line 18:25:  'setShowOfferForm' is assigned a value but never used                                                            no-unused-vars
  Line 19:10:  'editingCategory' is assigned a value but never used                                                             no-unused-vars
  Line 19:27:  'setEditingCategory' is assigned a value but never used                                                          no-unused-vars
  Line 20:10:  'editingOffer' is assigned a value but never used                                                                no-unused-vars
  Line 20:24:  'setEditingOffer' is assigned a value but never used                                                             no-unused-vars
  Line 212:6:  React Hook useEffect has a missing dependency: 'fetchAllData'. Either include it or remove the dependency array  react-hooks/exhaustive-deps

ERROR in [eslint] 
src/pages/AdminPage.js
  Line 37:9:  'fetchOffers' is not defined  no-undef

Search for the keywords to learn more about each error.

webpack compiled with 1 error and 1 warning
Compiling...
Compiled with warnings.

[eslint] 
src/components/Menu/MenuSection.js
  Line 21:9:  'menuItems' is assigned a value but never used                                                                    no-unused-vars
  Line 59:6:  React Hook useEffect has a missing dependency: 'fetchMenuData'. Either include it or remove the dependency array  react-hooks/exhaustive-deps

src/pages/AdminPage.js
  Line 2:118:  'Edit' is defined but never used                                                                                 no-unused-vars
  Line 2:124:  'Tag' is defined but never used                                                                                  no-unused-vars
  Line 2:129:  'Gift' is defined but never used                                                                                 no-unused-vars
  Line 4:8:    'EditCategoryForm' is defined but never used                                                                     no-unused-vars
  Line 5:8:    'EditOfferForm' is defined but never used                                                                        no-unused-vars
  Line 12:10:  'offers' is assigned a value but never used                                                                      no-unused-vars
  Line 17:10:  'showCategoryForm' is assigned a value but never used                                                            no-unused-vars
  Line 17:28:  'setShowCategoryForm' is assigned a value but never used                                                         no-unused-vars
  Line 18:10:  'showOfferForm' is assigned a value but never used                                                               no-unused-vars
  Line 18:25:  'setShowOfferForm' is assigned a value but never used                                                            no-unused-vars
  Line 19:10:  'editingCategory' is assigned a value but never used                                                             no-unused-vars
  Line 19:27:  'setEditingCategory' is assigned a value but never used                                                          no-unused-vars
  Line 20:10:  'editingOffer' is assigned a value but never used                                                                no-unused-vars
  Line 20:24:  'setEditingOffer' is assigned a value but never used                                                             no-unused-vars
  Line 225:6:  React Hook useEffect has a missing dependency: 'fetchAllData'. Either include it or remove the dependency array  react-hooks/exhaustive-deps

Search for the keywords to learn more about each warning.
To ignore, add // eslint-disable-next-line to the line before.

WARNING in [eslint] 
src/components/Menu/MenuSection.js
  Line 21:9:  'menuItems' is assigned a value but never used                                                                    no-unused-vars
  Line 59:6:  React Hook useEffect has a missing dependency: 'fetchMenuData'. Either include it or remove the dependency array  react-hooks/exhaustive-deps

src/pages/AdminPage.js
  Line 2:118:  'Edit' is defined but never used                                                                                 no-unused-vars
  Line 2:124:  'Tag' is defined but never used                                                                                  no-unused-vars
  Line 2:129:  'Gift' is defined but never used                                                                                 no-unused-vars
  Line 4:8:    'EditCategoryForm' is defined but never used                                                                     no-unused-vars
  Line 5:8:    'EditOfferForm' is defined but never used                                                                        no-unused-vars
  Line 12:10:  'offers' is assigned a value but never used                                                                      no-unused-vars
  Line 17:10:  'showCategoryForm' is assigned a value but never used                                                            no-unused-vars
  Line 17:28:  'setShowCategoryForm' is assigned a value but never used                                                         no-unused-vars
  Line 18:10:  'showOfferForm' is assigned a value but never used                                                               no-unused-vars
  Line 18:25:  'setShowOfferForm' is assigned a value but never used                                                            no-unused-vars
  Line 19:10:  'editingCategory' is assigned a value but never used                                                             no-unused-vars
  Line 19:27:  'setEditingCategory' is assigned a value but never used                                                          no-unused-vars
  Line 20:10:  'editingOffer' is assigned a value but never used                                                                no-unused-vars
  Line 20:24:  'setEditingOffer' is assigned a value but never used                                                             no-unused-vars
  Line 225:6:  React Hook useEffect has a missing dependency: 'fetchAllData'. Either include it or remove the dependency array  react-hooks/exhaustive-deps

webpack compiled with 1 warning
Compiling...
Compiled with warnings.

[eslint] 
src/components/Menu/MenuSection.js
  Line 21:9:  'menuItems' is assigned a value but never used                                                                    no-unused-vars
  Line 59:6:  React Hook useEffect has a missing dependency: 'fetchMenuData'. Either include it or remove the dependency array  react-hooks/exhaustive-deps

src/pages/AdminPage.js
  Line 2:118:  'Edit' is defined but never used                                                                                 no-unused-vars
  Line 2:124:  'Tag' is defined but never used                                                                                  no-unused-vars
  Line 2:129:  'Gift' is defined but never used                                                                                 no-unused-vars
  Line 4:8:    'EditCategoryForm' is defined but never used                                                                     no-unused-vars
  Line 5:8:    'EditOfferForm' is defined but never used                                                                        no-unused-vars
  Line 12:10:  'offers' is assigned a value but never used                                                                      no-unused-vars
  Line 17:10:  'showCategoryForm' is assigned a value but never used                                                            no-unused-vars
  Line 18:10:  'showOfferForm' is assigned a value but never used                                                               no-unused-vars
  Line 198:9:  'deleteCategory' is assigned a value but never used                                                              no-unused-vars
  Line 219:9:  'handleCategorySave' is assigned a value but never used                                                          no-unused-vars
  Line 227:9:  'deleteOffer' is assigned a value but never used                                                                 no-unused-vars
  Line 248:9:  'handleOfferSave' is assigned a value but never used                                                             no-unused-vars
  Line 255:9:  'seedOffers' is assigned a value but never used                                                                  no-unused-vars
  Line 302:6:  React Hook useEffect has a missing dependency: 'fetchAllData'. Either include it or remove the dependency array  react-hooks/exhaustive-deps

Search for the keywords to learn more about each warning.
To ignore, add // eslint-disable-next-line to the line before.

WARNING in [eslint] 
src/components/Menu/MenuSection.js
  Line 21:9:  'menuItems' is assigned a value but never used                                                                    no-unused-vars
  Line 59:6:  React Hook useEffect has a missing dependency: 'fetchMenuData'. Either include it or remove the dependency array  react-hooks/exhaustive-deps

src/pages/AdminPage.js
  Line 2:118:  'Edit' is defined but never used                                                                                 no-unused-vars
  Line 2:124:  'Tag' is defined but never used                                                                                  no-unused-vars
  Line 2:129:  'Gift' is defined but never used                                                                                 no-unused-vars
  Line 4:8:    'EditCategoryForm' is defined but never used                                                                     no-unused-vars
  Line 5:8:    'EditOfferForm' is defined but never used                                                                        no-unused-vars
  Line 12:10:  'offers' is assigned a value but never used                                                                      no-unused-vars
  Line 17:10:  'showCategoryForm' is assigned a value but never used                                                            no-unused-vars
  Line 18:10:  'showOfferForm' is assigned a value but never used                                                               no-unused-vars
  Line 198:9:  'deleteCategory' is assigned a value but never used                                                              no-unused-vars
  Line 219:9:  'handleCategorySave' is assigned a value but never used                                                          no-unused-vars
  Line 227:9:  'deleteOffer' is assigned a value but never used                                                                 no-unused-vars
  Line 248:9:  'handleOfferSave' is assigned a value but never used                                                             no-unused-vars
  Line 255:9:  'seedOffers' is assigned a value but never used                                                                  no-unused-vars
  Line 302:6:  React Hook useEffect has a missing dependency: 'fetchAllData'. Either include it or remove the dependency array  react-hooks/exhaustive-deps

webpack compiled with 1 warning
Compiling...
Compiled with warnings.

[eslint] 
src/components/Menu/MenuSection.js
  Line 21:9:  'menuItems' is assigned a value but never used                                                                    no-unused-vars
  Line 59:6:  React Hook useEffect has a missing dependency: 'fetchMenuData'. Either include it or remove the dependency array  react-hooks/exhaustive-deps

src/pages/AdminPage.js
  Line 2:118:  'Edit' is defined but never used                                                                                 no-unused-vars
  Line 4:8:    'EditCategoryForm' is defined but never used                                                                     no-unused-vars
  Line 5:8:    'EditOfferForm' is defined but never used                                                                        no-unused-vars
  Line 12:10:  'offers' is assigned a value but never used                                                                      no-unused-vars
  Line 17:10:  'showCategoryForm' is assigned a value but never used                                                            no-unused-vars
  Line 18:10:  'showOfferForm' is assigned a value but never used                                                               no-unused-vars
  Line 198:9:  'deleteCategory' is assigned a value but never used                                                              no-unused-vars
  Line 219:9:  'handleCategorySave' is assigned a value but never used                                                          no-unused-vars
  Line 227:9:  'deleteOffer' is assigned a value but never used                                                                 no-unused-vars
  Line 248:9:  'handleOfferSave' is assigned a value but never used                                                             no-unused-vars
  Line 255:9:  'seedOffers' is assigned a value but never used                                                                  no-unused-vars
  Line 302:6:  React Hook useEffect has a missing dependency: 'fetchAllData'. Either include it or remove the dependency array  react-hooks/exhaustive-deps

Search for the keywords to learn more about each warning.
To ignore, add // eslint-disable-next-line to the line before.

WARNING in [eslint] 
src/components/Menu/MenuSection.js
  Line 21:9:  'menuItems' is assigned a value but never used                                                                    no-unused-vars
  Line 59:6:  React Hook useEffect has a missing dependency: 'fetchMenuData'. Either include it or remove the dependency array  react-hooks/exhaustive-deps

src/pages/AdminPage.js
  Line 2:118:  'Edit' is defined but never used                                                                                 no-unused-vars
  Line 4:8:    'EditCategoryForm' is defined but never used                                                                     no-unused-vars
  Line 5:8:    'EditOfferForm' is defined but never used                                                                        no-unused-vars
  Line 12:10:  'offers' is assigned a value but never used                                                                      no-unused-vars
  Line 17:10:  'showCategoryForm' is assigned a value but never used                                                            no-unused-vars
  Line 18:10:  'showOfferForm' is assigned a value but never used                                                               no-unused-vars
  Line 198:9:  'deleteCategory' is assigned a value but never used                                                              no-unused-vars
  Line 219:9:  'handleCategorySave' is assigned a value but never used                                                          no-unused-vars
  Line 227:9:  'deleteOffer' is assigned a value but never used                                                                 no-unused-vars
  Line 248:9:  'handleOfferSave' is assigned a value but never used                                                             no-unused-vars
  Line 255:9:  'seedOffers' is assigned a value but never used                                                                  no-unused-vars
  Line 302:6:  React Hook useEffect has a missing dependency: 'fetchAllData'. Either include it or remove the dependency array  react-hooks/exhaustive-deps

webpack compiled with 1 warning
Compiling...
Compiled with warnings.

[eslint] 
src/components/Menu/MenuSection.js
  Line 21:9:  'menuItems' is assigned a value but never used                                                                    no-unused-vars
  Line 59:6:  React Hook useEffect has a missing dependency: 'fetchMenuData'. Either include it or remove the dependency array  react-hooks/exhaustive-deps

src/pages/AdminPage.js
  Line 302:6:  React Hook useEffect has a missing dependency: 'fetchAllData'. Either include it or remove the dependency array  react-hooks/exhaustive-deps

Search for the keywords to learn more about each warning.
To ignore, add // eslint-disable-next-line to the line before.

WARNING in [eslint] 
src/components/Menu/MenuSection.js
  Line 21:9:  'menuItems' is assigned a value but never used                                                                    no-unused-vars
  Line 59:6:  React Hook useEffect has a missing dependency: 'fetchMenuData'. Either include it or remove the dependency array  react-hooks/exhaustive-deps

src/pages/AdminPage.js
  Line 302:6:  React Hook useEffect has a missing dependency: 'fetchAllData'. Either include it or remove the dependency array  react-hooks/exhaustive-deps

webpack compiled with 1 warning
Compiling...
Compiled with warnings.

[eslint] 
src/components/Menu/MenuSection.js
  Line 21:9:  'menuItems' is assigned a value but never used                                                                    no-unused-vars
  Line 59:6:  React Hook useEffect has a missing dependency: 'fetchMenuData'. Either include it or remove the dependency array  react-hooks/exhaustive-deps

src/components/Offers/OffersSection.js
  Line 3:10:    'Plus' is defined but never used                  no-unused-vars
  Line 3:16:    'Star' is defined but never used                  no-unused-vars
  Line 3:40:    'RefreshCw' is defined but never used             no-unused-vars
  Line 9:10:    'offers' is assigned a value but never used       no-unused-vars
  Line 10:10:   'loading' is assigned a value but never used      no-unused-vars
  Line 120:13:  'validPizzas' is assigned a value but never used  no-unused-vars

src/pages/AdminPage.js
  Line 302:6:  React Hook useEffect has a missing dependency: 'fetchAllData'. Either include it or remove the dependency array  react-hooks/exhaustive-deps

Search for the keywords to learn more about each warning.
To ignore, add // eslint-disable-next-line to the line before.

WARNING in [eslint] 
src/components/Menu/MenuSection.js
  Line 21:9:  'menuItems' is assigned a value but never used                                                                    no-unused-vars
  Line 59:6:  React Hook useEffect has a missing dependency: 'fetchMenuData'. Either include it or remove the dependency array  react-hooks/exhaustive-deps

src/components/Offers/OffersSection.js
  Line 3:10:    'Plus' is defined but never used                  no-unused-vars
  Line 3:16:    'Star' is defined but never used                  no-unused-vars
  Line 3:40:    'RefreshCw' is defined but never used             no-unused-vars
  Line 9:10:    'offers' is assigned a value but never used       no-unused-vars
  Line 10:10:   'loading' is assigned a value but never used      no-unused-vars
  Line 120:13:  'validPizzas' is assigned a value but never used  no-unused-vars

src/pages/AdminPage.js
  Line 302:6:  React Hook useEffect has a missing dependency: 'fetchAllData'. Either include it or remove the dependency array  react-hooks/exhaustive-deps

webpack compiled with 1 warning
Compiling...
Failed to compile.

[eslint] 
src/components/Offers/OffersSection.js
Syntax error: Adjacent JSX elements must be wrapped in an enclosing tag. Did you want a JSX fragment <>...</>? (998:4) (998:4)
WARNING in [eslint] 
src/components/Menu/MenuSection.js
  Line 21:9:  'menuItems' is assigned a value but never used                                                                    no-unused-vars
  Line 59:6:  React Hook useEffect has a missing dependency: 'fetchMenuData'. Either include it or remove the dependency array  react-hooks/exhaustive-deps

src/pages/AdminPage.js
  Line 302:6:  React Hook useEffect has a missing dependency: 'fetchAllData'. Either include it or remove the dependency array  react-hooks/exhaustive-deps

ERROR in ./src/components/Offers/OffersSection.js
Module build failed (from ./node_modules/babel-loader/lib/index.js):
SyntaxError: /home/luxx/Documents/Dev/pizza/PizzaDiet/src/components/Offers/OffersSection.js: Adjacent JSX elements must be wrapped in an enclosing tag. Did you want a JSX fragment <>...</>? (998:4)

   996 |         )}
   997 |       </div>
>  998 |     </section>
       |     ^
   999 |   );
  1000 | };
  1001 |
    at constructor (/home/luxx/Documents/Dev/pizza/PizzaDiet/node_modules/@babel/parser/lib/index.js:360:19)
    at FlowParserMixin.raise (/home/luxx/Documents/Dev/pizza/PizzaDiet/node_modules/@babel/parser/lib/index.js:6613:19)
    at FlowParserMixin.jsxParseElementAt (/home/luxx/Documents/Dev/pizza/PizzaDiet/node_modules/@babel/parser/lib/index.js:4748:18)
    at FlowParserMixin.jsxParseElement (/home/luxx/Documents/Dev/pizza/PizzaDiet/node_modules/@babel/parser/lib/index.js:4755:17)
    at FlowParserMixin.parseExprAtom (/home/luxx/Documents/Dev/pizza/PizzaDiet/node_modules/@babel/parser/lib/index.js:4765:19)
    at FlowParserMixin.parseExprSubscripts (/home/luxx/Documents/Dev/pizza/PizzaDiet/node_modules/@babel/parser/lib/index.js:10992:23)
    at FlowParserMixin.parseUpdate (/home/luxx/Documents/Dev/pizza/PizzaDiet/node_modules/@babel/parser/lib/index.js:10977:21)
    at FlowParserMixin.parseMaybeUnary (/home/luxx/Documents/Dev/pizza/PizzaDiet/node_modules/@babel/parser/lib/index.js:10957:23)
    at FlowParserMixin.parseMaybeUnaryOrPrivate (/home/luxx/Documents/Dev/pizza/PizzaDiet/node_modules/@babel/parser/lib/index.js:10810:61)
    at FlowParserMixin.parseExprOps (/home/luxx/Documents/Dev/pizza/PizzaDiet/node_modules/@babel/parser/lib/index.js:10815:23)
    at FlowParserMixin.parseMaybeConditional (/home/luxx/Documents/Dev/pizza/PizzaDiet/node_modules/@babel/parser/lib/index.js:10792:23)
    at FlowParserMixin.parseMaybeAssign (/home/luxx/Documents/Dev/pizza/PizzaDiet/node_modules/@babel/parser/lib/index.js:10745:21)
    at /home/luxx/Documents/Dev/pizza/PizzaDiet/node_modules/@babel/parser/lib/index.js:3504:39
    at FlowParserMixin.tryParse (/home/luxx/Documents/Dev/pizza/PizzaDiet/node_modules/@babel/parser/lib/index.js:6922:20)
    at FlowParserMixin.parseMaybeAssign (/home/luxx/Documents/Dev/pizza/PizzaDiet/node_modules/@babel/parser/lib/index.js:3504:18)
    at /home/luxx/Documents/Dev/pizza/PizzaDiet/node_modules/@babel/parser/lib/index.js:10714:39
    at FlowParserMixin.allowInAnd (/home/luxx/Documents/Dev/pizza/PizzaDiet/node_modules/@babel/parser/lib/index.js:12334:12)
    at FlowParserMixin.parseMaybeAssignAllowIn (/home/luxx/Documents/Dev/pizza/PizzaDiet/node_modules/@babel/parser/lib/index.js:10714:17)
    at FlowParserMixin.parseParenAndDistinguishExpression (/home/luxx/Documents/Dev/pizza/PizzaDiet/node_modules/@babel/parser/lib/index.js:11591:28)
    at FlowParserMixin.parseParenAndDistinguishExpression (/home/luxx/Documents/Dev/pizza/PizzaDiet/node_modules/@babel/parser/lib/index.js:3597:18)
    at FlowParserMixin.parseExprAtom (/home/luxx/Documents/Dev/pizza/PizzaDiet/node_modules/@babel/parser/lib/index.js:11242:23)
    at FlowParserMixin.parseExprAtom (/home/luxx/Documents/Dev/pizza/PizzaDiet/node_modules/@babel/parser/lib/index.js:4770:20)
    at FlowParserMixin.parseExprSubscripts (/home/luxx/Documents/Dev/pizza/PizzaDiet/node_modules/@babel/parser/lib/index.js:10992:23)
    at FlowParserMixin.parseUpdate (/home/luxx/Documents/Dev/pizza/PizzaDiet/node_modules/@babel/parser/lib/index.js:10977:21)
    at FlowParserMixin.parseMaybeUnary (/home/luxx/Documents/Dev/pizza/PizzaDiet/node_modules/@babel/parser/lib/index.js:10957:23)
    at FlowParserMixin.parseMaybeUnaryOrPrivate (/home/luxx/Documents/Dev/pizza/PizzaDiet/node_modules/@babel/parser/lib/index.js:10810:61)
    at FlowParserMixin.parseExprOpBaseRightExpr (/home/luxx/Documents/Dev/pizza/PizzaDiet/node_modules/@babel/parser/lib/index.js:10897:34)
    at FlowParserMixin.parseExprOpRightExpr (/home/luxx/Documents/Dev/pizza/PizzaDiet/node_modules/@babel/parser/lib/index.js:10892:21)
    at FlowParserMixin.parseExprOp (/home/luxx/Documents/Dev/pizza/PizzaDiet/node_modules/@babel/parser/lib/index.js:10858:27)
    at FlowParserMixin.parseExprOp (/home/luxx/Documents/Dev/pizza/PizzaDiet/node_modules/@babel/parser/lib/index.js:10864:21)
    at FlowParserMixin.parseExprOps (/home/luxx/Documents/Dev/pizza/PizzaDiet/node_modules/@babel/parser/lib/index.js:10819:17)
    at FlowParserMixin.parseMaybeConditional (/home/luxx/Documents/Dev/pizza/PizzaDiet/node_modules/@babel/parser/lib/index.js:10792:23)
    at FlowParserMixin.parseMaybeAssign (/home/luxx/Documents/Dev/pizza/PizzaDiet/node_modules/@babel/parser/lib/index.js:10745:21)
    at FlowParserMixin.parseMaybeAssign (/home/luxx/Documents/Dev/pizza/PizzaDiet/node_modules/@babel/parser/lib/index.js:3555:18)
    at FlowParserMixin.parseExpressionBase (/home/luxx/Documents/Dev/pizza/PizzaDiet/node_modules/@babel/parser/lib/index.js:10698:23)
    at /home/luxx/Documents/Dev/pizza/PizzaDiet/node_modules/@babel/parser/lib/index.js:10694:39
    at FlowParserMixin.allowInAnd (/home/luxx/Documents/Dev/pizza/PizzaDiet/node_modules/@babel/parser/lib/index.js:12334:12)
    at FlowParserMixin.parseExpression (/home/luxx/Documents/Dev/pizza/PizzaDiet/node_modules/@babel/parser/lib/index.js:10694:17)
    at FlowParserMixin.jsxParseExpressionContainer (/home/luxx/Documents/Dev/pizza/PizzaDiet/node_modules/@babel/parser/lib/index.js:4638:31)
    at FlowParserMixin.jsxParseElementAt (/home/luxx/Documents/Dev/pizza/PizzaDiet/node_modules/@babel/parser/lib/index.js:4717:36)
    at FlowParserMixin.jsxParseElementAt (/home/luxx/Documents/Dev/pizza/PizzaDiet/node_modules/@babel/parser/lib/index.js:4704:32)
    at FlowParserMixin.jsxParseElement (/home/luxx/Documents/Dev/pizza/PizzaDiet/node_modules/@babel/parser/lib/index.js:4755:17)
    at FlowParserMixin.parseExprAtom (/home/luxx/Documents/Dev/pizza/PizzaDiet/node_modules/@babel/parser/lib/index.js:4765:19)
    at FlowParserMixin.parseExprSubscripts (/home/luxx/Documents/Dev/pizza/PizzaDiet/node_modules/@babel/parser/lib/index.js:10992:23)
    at FlowParserMixin.parseUpdate (/home/luxx/Documents/Dev/pizza/PizzaDiet/node_modules/@babel/parser/lib/index.js:10977:21)
    at FlowParserMixin.parseMaybeUnary (/home/luxx/Documents/Dev/pizza/PizzaDiet/node_modules/@babel/parser/lib/index.js:10957:23)
    at FlowParserMixin.parseMaybeUnaryOrPrivate (/home/luxx/Documents/Dev/pizza/PizzaDiet/node_modules/@babel/parser/lib/index.js:10810:61)
    at FlowParserMixin.parseExprOps (/home/luxx/Documents/Dev/pizza/PizzaDiet/node_modules/@babel/parser/lib/index.js:10815:23)
    at FlowParserMixin.parseMaybeConditional (/home/luxx/Documents/Dev/pizza/PizzaDiet/node_modules/@babel/parser/lib/index.js:10792:23)
    at FlowParserMixin.parseMaybeAssign (/home/luxx/Documents/Dev/pizza/PizzaDiet/node_modules/@babel/parser/lib/index.js:10745:21)

ERROR in [eslint] 
src/components/Offers/OffersSection.js
  Line 998:4:  Parsing error: Adjacent JSX elements must be wrapped in an enclosing tag. Did you want a JSX fragment <>...</>? (998:4)

webpack compiled with 2 errors and 1 warning
Compiling...
Compiled with warnings.

[eslint] 
src/components/Menu/MenuSection.js
  Line 21:9:  'menuItems' is assigned a value but never used                                                                    no-unused-vars
  Line 59:6:  React Hook useEffect has a missing dependency: 'fetchMenuData'. Either include it or remove the dependency array  react-hooks/exhaustive-deps

src/components/Offers/OffersSection.js
  Line 3:10:    'Plus' is defined but never used                  no-unused-vars
  Line 3:16:    'Star' is defined but never used                  no-unused-vars
  Line 120:13:  'validPizzas' is assigned a value but never used  no-unused-vars

src/pages/AdminPage.js
  Line 302:6:  React Hook useEffect has a missing dependency: 'fetchAllData'. Either include it or remove the dependency array  react-hooks/exhaustive-deps

Search for the keywords to learn more about each warning.
To ignore, add // eslint-disable-next-line to the line before.

WARNING in [eslint] 
src/components/Menu/MenuSection.js
  Line 21:9:  'menuItems' is assigned a value but never used                                                                    no-unused-vars
  Line 59:6:  React Hook useEffect has a missing dependency: 'fetchMenuData'. Either include it or remove the dependency array  react-hooks/exhaustive-deps

src/components/Offers/OffersSection.js
  Line 3:10:    'Plus' is defined but never used                  no-unused-vars
  Line 3:16:    'Star' is defined but never used                  no-unused-vars
  Line 120:13:  'validPizzas' is assigned a value but never used  no-unused-vars

src/pages/AdminPage.js
  Line 302:6:  React Hook useEffect has a missing dependency: 'fetchAllData'. Either include it or remove the dependency array  react-hooks/exhaustive-deps

webpack compiled with 1 warning
Compiling...
Compiled with warnings.

[eslint] 
src/components/Menu/MenuSection.js
  Line 21:9:  'menuItems' is assigned a value but never used                                                                    no-unused-vars
  Line 59:6:  React Hook useEffect has a missing dependency: 'fetchMenuData'. Either include it or remove the dependency array  react-hooks/exhaustive-deps

src/components/Offers/OffersSection.js
  Line 120:13:  'validPizzas' is assigned a value but never used  no-unused-vars

src/pages/AdminPage.js
  Line 302:6:  React Hook useEffect has a missing dependency: 'fetchAllData'. Either include it or remove the dependency array  react-hooks/exhaustive-deps

Search for the keywords to learn more about each warning.
To ignore, add // eslint-disable-next-line to the line before.

WARNING in [eslint] 
src/components/Menu/MenuSection.js
  Line 21:9:  'menuItems' is assigned a value but never used                                                                    no-unused-vars
  Line 59:6:  React Hook useEffect has a missing dependency: 'fetchMenuData'. Either include it or remove the dependency array  react-hooks/exhaustive-deps

src/components/Offers/OffersSection.js
  Line 120:13:  'validPizzas' is assigned a value but never used  no-unused-vars

src/pages/AdminPage.js
  Line 302:6:  React Hook useEffect has a missing dependency: 'fetchAllData'. Either include it or remove the dependency array  react-hooks/exhaustive-deps

webpack compiled with 1 warning
Compiling...
Failed to compile.

[eslint] 
src/components/Menu/MenuSection.js
  Line 40:9:    'setUseDatabase' is not defined  no-undef
  Line 45:7:    'setUseDatabase' is not defined  no-undef
  Line 53:9:    'useDatabase' is not defined     no-undef
  Line 56:7:    'useDatabase' is not defined     no-undef
  Line 167:47:  'useDatabase' is not defined     no-undef
  Line 169:32:  'setUseDatabase' is not defined  no-undef
  Line 169:48:  'useDatabase' is not defined     no-undef
  Line 170:71:  'useDatabase' is not defined     no-undef
  Line 172:18:  'useDatabase' is not defined     no-undef
  Line 174:16:  'useDatabase' is not defined     no-undef
  Line 188:12:  'useDatabase' is not defined     no-undef

Search for the keywords to learn more about each error.
WARNING in [eslint] 
src/components/Menu/MenuSection.js
  Line 6:17:  'getMenuCategories' is assigned a value but never used                                                                                                                                                                                   no-unused-vars
  Line 18:9:  'menuItems' is assigned a value but never used                                                                                                                                                                                           no-unused-vars
  Line 56:6:  React Hook useEffect has a missing dependency: 'fetchMenuData'. Either include it or remove the dependency array. Outer scope values like 'useDatabase' aren't valid dependencies because mutating them doesn't re-render the component  react-hooks/exhaustive-deps

src/components/Offers/OffersSection.js
  Line 120:13:  'validPizzas' is assigned a value but never used  no-unused-vars

src/pages/AdminPage.js
  Line 302:6:  React Hook useEffect has a missing dependency: 'fetchAllData'. Either include it or remove the dependency array  react-hooks/exhaustive-deps

ERROR in [eslint] 
src/components/Menu/MenuSection.js
  Line 40:9:    'setUseDatabase' is not defined  no-undef
  Line 45:7:    'setUseDatabase' is not defined  no-undef
  Line 53:9:    'useDatabase' is not defined     no-undef
  Line 56:7:    'useDatabase' is not defined     no-undef
  Line 167:47:  'useDatabase' is not defined     no-undef
  Line 169:32:  'setUseDatabase' is not defined  no-undef
  Line 169:48:  'useDatabase' is not defined     no-undef
  Line 170:71:  'useDatabase' is not defined     no-undef
  Line 172:18:  'useDatabase' is not defined     no-undef
  Line 174:16:  'useDatabase' is not defined     no-undef
  Line 188:12:  'useDatabase' is not defined     no-undef

Search for the keywords to learn more about each error.

webpack compiled with 1 error and 1 warning
Compiling...
Failed to compile.

[eslint] 
src/components/Menu/MenuSection.js
  Line 161:47:  'useDatabase' is not defined     no-undef
  Line 163:32:  'setUseDatabase' is not defined  no-undef
  Line 163:48:  'useDatabase' is not defined     no-undef
  Line 164:71:  'useDatabase' is not defined     no-undef
  Line 166:18:  'useDatabase' is not defined     no-undef
  Line 168:16:  'useDatabase' is not defined     no-undef
  Line 182:12:  'useDatabase' is not defined     no-undef

Search for the keywords to learn more about each error.
WARNING in [eslint] 
src/components/Menu/MenuSection.js
  Line 6:17:  'getMenuCategories' is assigned a value but never used                                                            no-unused-vars
  Line 18:9:  'menuItems' is assigned a value but never used                                                                    no-unused-vars
  Line 50:6:  React Hook useEffect has a missing dependency: 'fetchMenuData'. Either include it or remove the dependency array  react-hooks/exhaustive-deps

src/components/Offers/OffersSection.js
  Line 120:13:  'validPizzas' is assigned a value but never used  no-unused-vars

src/pages/AdminPage.js
  Line 302:6:  React Hook useEffect has a missing dependency: 'fetchAllData'. Either include it or remove the dependency array  react-hooks/exhaustive-deps

ERROR in [eslint] 
src/components/Menu/MenuSection.js
  Line 161:47:  'useDatabase' is not defined     no-undef
  Line 163:32:  'setUseDatabase' is not defined  no-undef
  Line 163:48:  'useDatabase' is not defined     no-undef
  Line 164:71:  'useDatabase' is not defined     no-undef
  Line 166:18:  'useDatabase' is not defined     no-undef
  Line 168:16:  'useDatabase' is not defined     no-undef
  Line 182:12:  'useDatabase' is not defined     no-undef

Search for the keywords to learn more about each error.

webpack compiled with 1 error and 1 warning
Compiling...
Failed to compile.

[eslint] 
src/components/Menu/MenuSection.js
  Line 160:47:  'useDatabase' is not defined     no-undef
  Line 162:32:  'setUseDatabase' is not defined  no-undef
  Line 162:48:  'useDatabase' is not defined     no-undef
  Line 163:71:  'useDatabase' is not defined     no-undef
  Line 165:18:  'useDatabase' is not defined     no-undef
  Line 167:16:  'useDatabase' is not defined     no-undef
  Line 181:12:  'useDatabase' is not defined     no-undef

Search for the keywords to learn more about each error.
WARNING in [eslint] 
src/components/Menu/MenuSection.js
  Line 6:17:   'getMenuCategories' is assigned a value but never used                                                            no-unused-vars
  Line 11:10:  'mongoMenuItems' is assigned a value but never used                                                               no-unused-vars
  Line 49:6:   React Hook useEffect has a missing dependency: 'fetchMenuData'. Either include it or remove the dependency array  react-hooks/exhaustive-deps

src/components/Offers/OffersSection.js
  Line 120:13:  'validPizzas' is assigned a value but never used  no-unused-vars

src/pages/AdminPage.js
  Line 302:6:  React Hook useEffect has a missing dependency: 'fetchAllData'. Either include it or remove the dependency array  react-hooks/exhaustive-deps

ERROR in [eslint] 
src/components/Menu/MenuSection.js
  Line 160:47:  'useDatabase' is not defined     no-undef
  Line 162:32:  'setUseDatabase' is not defined  no-undef
  Line 162:48:  'useDatabase' is not defined     no-undef
  Line 163:71:  'useDatabase' is not defined     no-undef
  Line 165:18:  'useDatabase' is not defined     no-undef
  Line 167:16:  'useDatabase' is not defined     no-undef
  Line 181:12:  'useDatabase' is not defined     no-undef

Search for the keywords to learn more about each error.

webpack compiled with 1 error and 1 warning
Compiling...
Compiled with warnings.

[eslint] 
src/components/Menu/MenuSection.js
  Line 6:11:  'data' is assigned a value but never used                                                                         no-unused-vars
  Line 49:6:  React Hook useEffect has a missing dependency: 'fetchMenuData'. Either include it or remove the dependency array  react-hooks/exhaustive-deps

src/components/Offers/OffersSection.js
  Line 120:13:  'validPizzas' is assigned a value but never used  no-unused-vars

src/pages/AdminPage.js
  Line 302:6:  React Hook useEffect has a missing dependency: 'fetchAllData'. Either include it or remove the dependency array  react-hooks/exhaustive-deps

Search for the keywords to learn more about each warning.
To ignore, add // eslint-disable-next-line to the line before.

WARNING in [eslint] 
src/components/Menu/MenuSection.js
  Line 6:11:  'data' is assigned a value but never used                                                                         no-unused-vars
  Line 49:6:  React Hook useEffect has a missing dependency: 'fetchMenuData'. Either include it or remove the dependency array  react-hooks/exhaustive-deps

src/components/Offers/OffersSection.js
  Line 120:13:  'validPizzas' is assigned a value but never used  no-unused-vars

src/pages/AdminPage.js
  Line 302:6:  React Hook useEffect has a missing dependency: 'fetchAllData'. Either include it or remove the dependency array  react-hooks/exhaustive-deps

webpack compiled with 1 warning
Compiling...
Compiled with warnings.

[eslint] 
src/components/Menu/MenuSection.js
  Line 6:11:  'data' is assigned a value but never used                                                                         no-unused-vars
  Line 49:6:  React Hook useEffect has a missing dependency: 'fetchMenuData'. Either include it or remove the dependency array  react-hooks/exhaustive-deps

src/components/Offers/OffersSection.js
  Line 120:13:  'validPizzas' is assigned a value but never used  no-unused-vars

src/pages/AdminPage.js
  Line 302:6:  React Hook useEffect has a missing dependency: 'fetchAllData'. Either include it or remove the dependency array  react-hooks/exhaustive-deps

Search for the keywords to learn more about each warning.
To ignore, add // eslint-disable-next-line to the line before.

WARNING in [eslint] 
src/components/Menu/MenuSection.js
  Line 6:11:  'data' is assigned a value but never used                                                                         no-unused-vars
  Line 49:6:  React Hook useEffect has a missing dependency: 'fetchMenuData'. Either include it or remove the dependency array  react-hooks/exhaustive-deps

src/components/Offers/OffersSection.js
  Line 120:13:  'validPizzas' is assigned a value but never used  no-unused-vars

src/pages/AdminPage.js
  Line 302:6:  React Hook useEffect has a missing dependency: 'fetchAllData'. Either include it or remove the dependency array  react-hooks/exhaustive-deps

webpack compiled with 1 warning
Compiling...
Compiled with warnings.

[eslint] 
src/components/Menu/MenuSection.js
  Line 6:11:  'data' is assigned a value but never used                                                                         no-unused-vars
  Line 49:6:  React Hook useEffect has a missing dependency: 'fetchMenuData'. Either include it or remove the dependency array  react-hooks/exhaustive-deps

src/components/Offers/OffersSection.js
  Line 120:13:  'validPizzas' is assigned a value but never used  no-unused-vars

src/pages/AdminPage.js
  Line 302:6:  React Hook useEffect has a missing dependency: 'fetchAllData'. Either include it or remove the dependency array  react-hooks/exhaustive-deps

Search for the keywords to learn more about each warning.
To ignore, add // eslint-disable-next-line to the line before.

WARNING in [eslint] 
src/components/Menu/MenuSection.js
  Line 6:11:  'data' is assigned a value but never used                                                                         no-unused-vars
  Line 49:6:  React Hook useEffect has a missing dependency: 'fetchMenuData'. Either include it or remove the dependency array  react-hooks/exhaustive-deps

src/components/Offers/OffersSection.js
  Line 120:13:  'validPizzas' is assigned a value but never used  no-unused-vars

src/pages/AdminPage.js
  Line 302:6:  React Hook useEffect has a missing dependency: 'fetchAllData'. Either include it or remove the dependency array  react-hooks/exhaustive-deps

webpack compiled with 1 warning
Compiling...
Compiled with warnings.

[eslint] 
src/components/Menu/MenuSection.js
  Line 4:10:  'apiRequest' is defined but never used                                                                            no-unused-vars
  Line 4:22:  'API_ENDPOINTS' is defined but never used                                                                         no-unused-vars
  Line 7:11:  'data' is assigned a value but never used                                                                         no-unused-vars
  Line 50:6:  React Hook useEffect has a missing dependency: 'fetchMenuData'. Either include it or remove the dependency array  react-hooks/exhaustive-deps

src/components/Offers/OffersSection.js
  Line 120:13:  'validPizzas' is assigned a value but never used  no-unused-vars

src/config/api.js
  Line 69:1:  Assign object to a variable before exporting as module default  import/no-anonymous-default-export

src/pages/AdminPage.js
  Line 302:6:  React Hook useEffect has a missing dependency: 'fetchAllData'. Either include it or remove the dependency array  react-hooks/exhaustive-deps

Search for the keywords to learn more about each warning.
To ignore, add // eslint-disable-next-line to the line before.

WARNING in [eslint] 
src/components/Menu/MenuSection.js
  Line 4:10:  'apiRequest' is defined but never used                                                                            no-unused-vars
  Line 4:22:  'API_ENDPOINTS' is defined but never used                                                                         no-unused-vars
  Line 7:11:  'data' is assigned a value but never used                                                                         no-unused-vars
  Line 50:6:  React Hook useEffect has a missing dependency: 'fetchMenuData'. Either include it or remove the dependency array  react-hooks/exhaustive-deps

src/components/Offers/OffersSection.js
  Line 120:13:  'validPizzas' is assigned a value but never used  no-unused-vars

src/config/api.js
  Line 69:1:  Assign object to a variable before exporting as module default  import/no-anonymous-default-export

src/pages/AdminPage.js
  Line 302:6:  React Hook useEffect has a missing dependency: 'fetchAllData'. Either include it or remove the dependency array  react-hooks/exhaustive-deps

webpack compiled with 1 warning
Compiling...
Compiled with warnings.

[eslint] 
src/components/Menu/MenuSection.js
  Line 7:11:  'data' is assigned a value but never used                                                                         no-unused-vars
  Line 49:6:  React Hook useEffect has a missing dependency: 'fetchMenuData'. Either include it or remove the dependency array  react-hooks/exhaustive-deps

src/components/Offers/OffersSection.js
  Line 120:13:  'validPizzas' is assigned a value but never used  no-unused-vars

src/config/api.js
  Line 69:1:  Assign object to a variable before exporting as module default  import/no-anonymous-default-export

src/pages/AdminPage.js
  Line 302:6:  React Hook useEffect has a missing dependency: 'fetchAllData'. Either include it or remove the dependency array  react-hooks/exhaustive-deps

Search for the keywords to learn more about each warning.
To ignore, add // eslint-disable-next-line to the line before.

WARNING in [eslint] 
src/components/Menu/MenuSection.js
  Line 7:11:  'data' is assigned a value but never used                                                                         no-unused-vars
  Line 49:6:  React Hook useEffect has a missing dependency: 'fetchMenuData'. Either include it or remove the dependency array  react-hooks/exhaustive-deps

src/components/Offers/OffersSection.js
  Line 120:13:  'validPizzas' is assigned a value but never used  no-unused-vars

src/config/api.js
  Line 69:1:  Assign object to a variable before exporting as module default  import/no-anonymous-default-export

src/pages/AdminPage.js
  Line 302:6:  React Hook useEffect has a missing dependency: 'fetchAllData'. Either include it or remove the dependency array  react-hooks/exhaustive-deps

webpack compiled with 1 warning
Compiling...
Failed to compile.

[eslint] 
src/components/Offers/OffersSection.js
  Line 726:14:  'RefreshCw' is not defined  react/jsx-no-undef

Search for the keywords to learn more about each error.
WARNING in [eslint] 
src/components/Menu/MenuSection.js
  Line 7:11:  'data' is assigned a value but never used                                                                         no-unused-vars
  Line 49:6:  React Hook useEffect has a missing dependency: 'fetchMenuData'. Either include it or remove the dependency array  react-hooks/exhaustive-deps

src/components/Offers/OffersSection.js
  Line 4:10:    'apiRequest' is defined but never used            no-unused-vars
  Line 4:22:    'API_ENDPOINTS' is defined but never used         no-unused-vars
  Line 121:13:  'validPizzas' is assigned a value but never used  no-unused-vars

src/config/api.js
  Line 69:1:  Assign object to a variable before exporting as module default  import/no-anonymous-default-export

src/pages/AdminPage.js
  Line 302:6:  React Hook useEffect has a missing dependency: 'fetchAllData'. Either include it or remove the dependency array  react-hooks/exhaustive-deps

ERROR in [eslint] 
src/components/Offers/OffersSection.js
  Line 726:14:  'RefreshCw' is not defined  react/jsx-no-undef

Search for the keywords to learn more about each error.

webpack compiled with 1 error and 1 warning
Compiling...
Failed to compile.

[eslint] 
src/components/Offers/OffersSection.js
  Line 725:14:  'RefreshCw' is not defined  react/jsx-no-undef

Search for the keywords to learn more about each error.
WARNING in [eslint] 
src/components/Menu/MenuSection.js
  Line 7:11:  'data' is assigned a value but never used                                                                         no-unused-vars
  Line 49:6:  React Hook useEffect has a missing dependency: 'fetchMenuData'. Either include it or remove the dependency array  react-hooks/exhaustive-deps

src/components/Offers/OffersSection.js
  Line 120:13:  'validPizzas' is assigned a value but never used  no-unused-vars

src/config/api.js
  Line 69:1:  Assign object to a variable before exporting as module default  import/no-anonymous-default-export

src/pages/AdminPage.js
  Line 302:6:  React Hook useEffect has a missing dependency: 'fetchAllData'. Either include it or remove the dependency array  react-hooks/exhaustive-deps

ERROR in [eslint] 
src/components/Offers/OffersSection.js
  Line 725:14:  'RefreshCw' is not defined  react/jsx-no-undef

Search for the keywords to learn more about each error.

webpack compiled with 1 error and 1 warning
Compiling...
Compiled with warnings.

[eslint] 
src/components/Menu/MenuSection.js
  Line 7:11:  'data' is assigned a value but never used                                                                         no-unused-vars
  Line 49:6:  React Hook useEffect has a missing dependency: 'fetchMenuData'. Either include it or remove the dependency array  react-hooks/exhaustive-deps

src/components/Offers/OffersSection.js
  Line 120:13:  'validPizzas' is assigned a value but never used  no-unused-vars

src/config/api.js
  Line 69:1:  Assign object to a variable before exporting as module default  import/no-anonymous-default-export

src/pages/AdminPage.js
  Line 302:6:  React Hook useEffect has a missing dependency: 'fetchAllData'. Either include it or remove the dependency array  react-hooks/exhaustive-deps

Search for the keywords to learn more about each warning.
To ignore, add // eslint-disable-next-line to the line before.

WARNING in [eslint] 
src/components/Menu/MenuSection.js
  Line 7:11:  'data' is assigned a value but never used                                                                         no-unused-vars
  Line 49:6:  React Hook useEffect has a missing dependency: 'fetchMenuData'. Either include it or remove the dependency array  react-hooks/exhaustive-deps

src/components/Offers/OffersSection.js
  Line 120:13:  'validPizzas' is assigned a value but never used  no-unused-vars

src/config/api.js
  Line 69:1:  Assign object to a variable before exporting as module default  import/no-anonymous-default-export

src/pages/AdminPage.js
  Line 302:6:  React Hook useEffect has a missing dependency: 'fetchAllData'. Either include it or remove the dependency array  react-hooks/exhaustive-deps

webpack compiled with 1 warning
Compiling...
Compiled with warnings.

[eslint] 
src/components/Menu/MenuSection.js
  Line 7:11:  'data' is assigned a value but never used                                                                         no-unused-vars
  Line 49:6:  React Hook useEffect has a missing dependency: 'fetchMenuData'. Either include it or remove the dependency array  react-hooks/exhaustive-deps

src/components/Offers/OffersSection.js
  Line 120:13:  'validPizzas' is assigned a value but never used  no-unused-vars

src/pages/AdminPage.js
  Line 302:6:  React Hook useEffect has a missing dependency: 'fetchAllData'. Either include it or remove the dependency array  react-hooks/exhaustive-deps

Search for the keywords to learn more about each warning.
To ignore, add // eslint-disable-next-line to the line before.

WARNING in [eslint] 
src/components/Menu/MenuSection.js
  Line 7:11:  'data' is assigned a value but never used                                                                         no-unused-vars
  Line 49:6:  React Hook useEffect has a missing dependency: 'fetchMenuData'. Either include it or remove the dependency array  react-hooks/exhaustive-deps

src/components/Offers/OffersSection.js
  Line 120:13:  'validPizzas' is assigned a value but never used  no-unused-vars

src/pages/AdminPage.js
  Line 302:6:  React Hook useEffect has a missing dependency: 'fetchAllData'. Either include it or remove the dependency array  react-hooks/exhaustive-deps

webpack compiled with 1 warning
Compiling...
Compiled with warnings.

[eslint] 
src/components/Menu/MenuSection.js
  Line 7:11:  'data' is assigned a value but never used                                                                         no-unused-vars
  Line 49:6:  React Hook useEffect has a missing dependency: 'fetchMenuData'. Either include it or remove the dependency array  react-hooks/exhaustive-deps

src/components/Offers/OffersSection.js
  Line 120:13:  'validPizzas' is assigned a value but never used  no-unused-vars

src/pages/AdminPage.js
  Line 302:6:  React Hook useEffect has a missing dependency: 'fetchAllData'. Either include it or remove the dependency array  react-hooks/exhaustive-deps

Search for the keywords to learn more about each warning.
To ignore, add // eslint-disable-next-line to the line before.

WARNING in [eslint] 
src/components/Menu/MenuSection.js
  Line 7:11:  'data' is assigned a value but never used                                                                         no-unused-vars
  Line 49:6:  React Hook useEffect has a missing dependency: 'fetchMenuData'. Either include it or remove the dependency array  react-hooks/exhaustive-deps

src/components/Offers/OffersSection.js
  Line 120:13:  'validPizzas' is assigned a value but never used  no-unused-vars

src/pages/AdminPage.js
  Line 302:6:  React Hook useEffect has a missing dependency: 'fetchAllData'. Either include it or remove the dependency array  react-hooks/exhaustive-deps

webpack compiled with 1 warning
Compiling...
Compiled with warnings.

[eslint] 
src/components/Menu/MenuSection.js
  Line 2:10:  'useData' is defined but never used                                                                               no-unused-vars
  Line 48:6:  React Hook useEffect has a missing dependency: 'fetchMenuData'. Either include it or remove the dependency array  react-hooks/exhaustive-deps

src/components/Offers/OffersSection.js
  Line 120:13:  'validPizzas' is assigned a value but never used  no-unused-vars

src/pages/AdminPage.js
  Line 302:6:  React Hook useEffect has a missing dependency: 'fetchAllData'. Either include it or remove the dependency array  react-hooks/exhaustive-deps

Search for the keywords to learn more about each warning.
To ignore, add // eslint-disable-next-line to the line before.

WARNING in [eslint] 
src/components/Menu/MenuSection.js
  Line 2:10:  'useData' is defined but never used                                                                               no-unused-vars
  Line 48:6:  React Hook useEffect has a missing dependency: 'fetchMenuData'. Either include it or remove the dependency array  react-hooks/exhaustive-deps

src/components/Offers/OffersSection.js
  Line 120:13:  'validPizzas' is assigned a value but never used  no-unused-vars

src/pages/AdminPage.js
  Line 302:6:  React Hook useEffect has a missing dependency: 'fetchAllData'. Either include it or remove the dependency array  react-hooks/exhaustive-deps

webpack compiled with 1 warning
Compiling...
Compiled with warnings.

[eslint] 
src/components/Menu/MenuSection.js
  Line 47:6:  React Hook useEffect has a missing dependency: 'fetchMenuData'. Either include it or remove the dependency array  react-hooks/exhaustive-deps

src/components/Offers/OffersSection.js
  Line 120:13:  'validPizzas' is assigned a value but never used  no-unused-vars

src/pages/AdminPage.js
  Line 302:6:  React Hook useEffect has a missing dependency: 'fetchAllData'. Either include it or remove the dependency array  react-hooks/exhaustive-deps

Search for the keywords to learn more about each warning.
To ignore, add // eslint-disable-next-line to the line before.

WARNING in [eslint] 
src/components/Menu/MenuSection.js
  Line 47:6:  React Hook useEffect has a missing dependency: 'fetchMenuData'. Either include it or remove the dependency array  react-hooks/exhaustive-deps

src/components/Offers/OffersSection.js
  Line 120:13:  'validPizzas' is assigned a value but never used  no-unused-vars

src/pages/AdminPage.js
  Line 302:6:  React Hook useEffect has a missing dependency: 'fetchAllData'. Either include it or remove the dependency array  react-hooks/exhaustive-deps

webpack compiled with 1 warning
Compiling...
Compiled with warnings.

[eslint] 
src/components/Menu/MenuSection.js
  Line 47:6:  React Hook useEffect has a missing dependency: 'fetchMenuData'. Either include it or remove the dependency array  react-hooks/exhaustive-deps

src/components/Offers/OffersSection.js
  Line 120:13:  'validPizzas' is assigned a value but never used  no-unused-vars

src/pages/AdminPage.js
  Line 302:6:  React Hook useEffect has a missing dependency: 'fetchAllData'. Either include it or remove the dependency array  react-hooks/exhaustive-deps

Search for the keywords to learn more about each warning.
To ignore, add // eslint-disable-next-line to the line before.

WARNING in [eslint] 
src/components/Menu/MenuSection.js
  Line 47:6:  React Hook useEffect has a missing dependency: 'fetchMenuData'. Either include it or remove the dependency array  react-hooks/exhaustive-deps

src/components/Offers/OffersSection.js
  Line 120:13:  'validPizzas' is assigned a value but never used  no-unused-vars

src/pages/AdminPage.js
  Line 302:6:  React Hook useEffect has a missing dependency: 'fetchAllData'. Either include it or remove the dependency array  react-hooks/exhaustive-deps

webpack compiled with 1 warning
Compiling...
Compiled with warnings.

[eslint] 
src/components/Menu/MenuSection.js
  Line 47:6:  React Hook useEffect has a missing dependency: 'fetchMenuData'. Either include it or remove the dependency array  react-hooks/exhaustive-deps

src/components/Offers/OffersSection.js
  Line 120:13:  'validPizzas' is assigned a value but never used  no-unused-vars

src/pages/AdminPage.js
  Line 4:8:    'EditMenuItemForm' is defined but never used                                                                     no-unused-vars
  Line 303:6:  React Hook useEffect has a missing dependency: 'fetchAllData'. Either include it or remove the dependency array  react-hooks/exhaustive-deps

Search for the keywords to learn more about each warning.
To ignore, add // eslint-disable-next-line to the line before.

WARNING in [eslint] 
src/components/Menu/MenuSection.js
  Line 47:6:  React Hook useEffect has a missing dependency: 'fetchMenuData'. Either include it or remove the dependency array  react-hooks/exhaustive-deps

src/components/Offers/OffersSection.js
  Line 120:13:  'validPizzas' is assigned a value but never used  no-unused-vars

src/pages/AdminPage.js
  Line 4:8:    'EditMenuItemForm' is defined but never used                                                                     no-unused-vars
  Line 303:6:  React Hook useEffect has a missing dependency: 'fetchAllData'. Either include it or remove the dependency array  react-hooks/exhaustive-deps

webpack compiled with 1 warning
Compiling...
Compiled with warnings.

[eslint] 
src/components/Menu/MenuSection.js
  Line 47:6:  React Hook useEffect has a missing dependency: 'fetchMenuData'. Either include it or remove the dependency array  react-hooks/exhaustive-deps

src/components/Offers/OffersSection.js
  Line 120:13:  'validPizzas' is assigned a value but never used  no-unused-vars

src/pages/AdminPage.js
  Line 4:8:    'EditMenuItemForm' is defined but never used                                                                     no-unused-vars
  Line 20:10:  'showMenuItemForm' is assigned a value but never used                                                            no-unused-vars
  Line 20:28:  'setShowMenuItemForm' is assigned a value but never used                                                         no-unused-vars
  Line 23:10:  'editingMenuItem' is assigned a value but never used                                                             no-unused-vars
  Line 23:27:  'setEditingMenuItem' is assigned a value but never used                                                          no-unused-vars
  Line 305:6:  React Hook useEffect has a missing dependency: 'fetchAllData'. Either include it or remove the dependency array  react-hooks/exhaustive-deps

Search for the keywords to learn more about each warning.
To ignore, add // eslint-disable-next-line to the line before.

WARNING in [eslint] 
src/components/Menu/MenuSection.js
  Line 47:6:  React Hook useEffect has a missing dependency: 'fetchMenuData'. Either include it or remove the dependency array  react-hooks/exhaustive-deps

src/components/Offers/OffersSection.js
  Line 120:13:  'validPizzas' is assigned a value but never used  no-unused-vars

src/pages/AdminPage.js
  Line 4:8:    'EditMenuItemForm' is defined but never used                                                                     no-unused-vars
  Line 20:10:  'showMenuItemForm' is assigned a value but never used                                                            no-unused-vars
  Line 20:28:  'setShowMenuItemForm' is assigned a value but never used                                                         no-unused-vars
  Line 23:10:  'editingMenuItem' is assigned a value but never used                                                             no-unused-vars
  Line 23:27:  'setEditingMenuItem' is assigned a value but never used                                                          no-unused-vars
  Line 305:6:  React Hook useEffect has a missing dependency: 'fetchAllData'. Either include it or remove the dependency array  react-hooks/exhaustive-deps

webpack compiled with 1 warning
Compiling...
Compiled with warnings.

[eslint] 
src/components/Menu/MenuSection.js
  Line 47:6:  React Hook useEffect has a missing dependency: 'fetchMenuData'. Either include it or remove the dependency array  react-hooks/exhaustive-deps

src/components/Offers/OffersSection.js
  Line 120:13:  'validPizzas' is assigned a value but never used  no-unused-vars

src/pages/AdminPage.js
  Line 4:8:    'EditMenuItemForm' is defined but never used                                                                     no-unused-vars
  Line 20:10:  'showMenuItemForm' is assigned a value but never used                                                            no-unused-vars
  Line 159:9:  'handleMenuItemSave' is assigned a value but never used                                                          no-unused-vars
  Line 191:9:  'editMenuItem' is assigned a value but never used                                                                no-unused-vars
  Line 197:9:  'createMenuItem' is assigned a value but never used                                                              no-unused-vars
  Line 349:6:  React Hook useEffect has a missing dependency: 'fetchAllData'. Either include it or remove the dependency array  react-hooks/exhaustive-deps

Search for the keywords to learn more about each warning.
To ignore, add // eslint-disable-next-line to the line before.

WARNING in [eslint] 
src/components/Menu/MenuSection.js
  Line 47:6:  React Hook useEffect has a missing dependency: 'fetchMenuData'. Either include it or remove the dependency array  react-hooks/exhaustive-deps

src/components/Offers/OffersSection.js
  Line 120:13:  'validPizzas' is assigned a value but never used  no-unused-vars

src/pages/AdminPage.js
  Line 4:8:    'EditMenuItemForm' is defined but never used                                                                     no-unused-vars
  Line 20:10:  'showMenuItemForm' is assigned a value but never used                                                            no-unused-vars
  Line 159:9:  'handleMenuItemSave' is assigned a value but never used                                                          no-unused-vars
  Line 191:9:  'editMenuItem' is assigned a value but never used                                                                no-unused-vars
  Line 197:9:  'createMenuItem' is assigned a value but never used                                                              no-unused-vars
  Line 349:6:  React Hook useEffect has a missing dependency: 'fetchAllData'. Either include it or remove the dependency array  react-hooks/exhaustive-deps

webpack compiled with 1 warning
Compiling...
Compiled with warnings.

[eslint] 
src/components/Menu/MenuSection.js
  Line 47:6:  React Hook useEffect has a missing dependency: 'fetchMenuData'. Either include it or remove the dependency array  react-hooks/exhaustive-deps

src/components/Offers/OffersSection.js
  Line 120:13:  'validPizzas' is assigned a value but never used  no-unused-vars

src/pages/AdminPage.js
  Line 4:8:    'EditMenuItemForm' is defined but never used                                                                     no-unused-vars
  Line 20:10:  'showMenuItemForm' is assigned a value but never used                                                            no-unused-vars
  Line 159:9:  'handleMenuItemSave' is assigned a value but never used                                                          no-unused-vars
  Line 197:9:  'createMenuItem' is assigned a value but never used                                                              no-unused-vars
  Line 349:6:  React Hook useEffect has a missing dependency: 'fetchAllData'. Either include it or remove the dependency array  react-hooks/exhaustive-deps

Search for the keywords to learn more about each warning.
To ignore, add // eslint-disable-next-line to the line before.

WARNING in [eslint] 
src/components/Menu/MenuSection.js
  Line 47:6:  React Hook useEffect has a missing dependency: 'fetchMenuData'. Either include it or remove the dependency array  react-hooks/exhaustive-deps

src/components/Offers/OffersSection.js
  Line 120:13:  'validPizzas' is assigned a value but never used  no-unused-vars

src/pages/AdminPage.js
  Line 4:8:    'EditMenuItemForm' is defined but never used                                                                     no-unused-vars
  Line 20:10:  'showMenuItemForm' is assigned a value but never used                                                            no-unused-vars
  Line 159:9:  'handleMenuItemSave' is assigned a value but never used                                                          no-unused-vars
  Line 197:9:  'createMenuItem' is assigned a value but never used                                                              no-unused-vars
  Line 349:6:  React Hook useEffect has a missing dependency: 'fetchAllData'. Either include it or remove the dependency array  react-hooks/exhaustive-deps

webpack compiled with 1 warning
Compiling...
Compiled with warnings.

[eslint] 
src/components/Menu/MenuSection.js
  Line 47:6:  React Hook useEffect has a missing dependency: 'fetchMenuData'. Either include it or remove the dependency array  react-hooks/exhaustive-deps

src/components/Offers/OffersSection.js
  Line 120:13:  'validPizzas' is assigned a value but never used  no-unused-vars

src/pages/AdminPage.js
  Line 4:8:    'EditMenuItemForm' is defined but never used                                                                     no-unused-vars
  Line 20:10:  'showMenuItemForm' is assigned a value but never used                                                            no-unused-vars
  Line 159:9:  'handleMenuItemSave' is assigned a value but never used                                                          no-unused-vars
  Line 349:6:  React Hook useEffect has a missing dependency: 'fetchAllData'. Either include it or remove the dependency array  react-hooks/exhaustive-deps

Search for the keywords to learn more about each warning.
To ignore, add // eslint-disable-next-line to the line before.

WARNING in [eslint] 
src/components/Menu/MenuSection.js
  Line 47:6:  React Hook useEffect has a missing dependency: 'fetchMenuData'. Either include it or remove the dependency array  react-hooks/exhaustive-deps

src/components/Offers/OffersSection.js
  Line 120:13:  'validPizzas' is assigned a value but never used  no-unused-vars

src/pages/AdminPage.js
  Line 4:8:    'EditMenuItemForm' is defined but never used                                                                     no-unused-vars
  Line 20:10:  'showMenuItemForm' is assigned a value but never used                                                            no-unused-vars
  Line 159:9:  'handleMenuItemSave' is assigned a value but never used                                                          no-unused-vars
  Line 349:6:  React Hook useEffect has a missing dependency: 'fetchAllData'. Either include it or remove the dependency array  react-hooks/exhaustive-deps

webpack compiled with 1 warning
Compiling...
Compiled with warnings.

[eslint] 
src/components/Menu/MenuSection.js
  Line 47:6:  React Hook useEffect has a missing dependency: 'fetchMenuData'. Either include it or remove the dependency array  react-hooks/exhaustive-deps

src/components/Offers/OffersSection.js
  Line 120:13:  'validPizzas' is assigned a value but never used  no-unused-vars

src/pages/AdminPage.js
  Line 349:6:  React Hook useEffect has a missing dependency: 'fetchAllData'. Either include it or remove the dependency array  react-hooks/exhaustive-deps

Search for the keywords to learn more about each warning.
To ignore, add // eslint-disable-next-line to the line before.

WARNING in [eslint] 
src/components/Menu/MenuSection.js
  Line 47:6:  React Hook useEffect has a missing dependency: 'fetchMenuData'. Either include it or remove the dependency array  react-hooks/exhaustive-deps

src/components/Offers/OffersSection.js
  Line 120:13:  'validPizzas' is assigned a value but never used  no-unused-vars

src/pages/AdminPage.js
  Line 349:6:  React Hook useEffect has a missing dependency: 'fetchAllData'. Either include it or remove the dependency array  react-hooks/exhaustive-deps

webpack compiled with 1 warning
